0 verbose cli C:\Program Files\nodejs\node.exe C:\Program Files\nodejs\node_modules\npm\bin\npm-cli.js
1 info using npm@10.9.8
2 info using node@v22.22.3
3 silly config load:file:C:\Program Files\nodejs\node_modules\npm\npmrc
4 silly config load:file:C:\Users\Wekin\Desktop\buisness\Landing\.npmrc
5 silly config load:file:C:\Users\Wekin\.npmrc
6 silly config load:file:C:\Users\Wekin\AppData\Roaming\npm\etc\npmrc
7 verbose title npm install
8 verbose argv "install" "--package-lock-only" "--ignore-scripts" "--prefer-offline" "--no-audit" "--no-fund"
9 verbose logfile logs-max:10 dir:C:\Users\Wekin\Desktop\buisness\Landing\.npm-cache\_logs\2026-07-11T18_55_23_232Z-
10 verbose logfile C:\Users\Wekin\Desktop\buisness\Landing\.npm-cache\_logs\2026-07-11T18_55_23_232Z-debug-0.log
11 silly logfile done cleaning log files
12 silly packumentCache heap:4345298944 maxSize:1086324736 maxEntrySize:543162368
13 silly idealTree buildDeps
14 verbose cwd C:\Users\Wekin\Desktop\buisness\Landing
15 verbose os Windows_NT 10.0.26200
16 verbose node v22.22.3
17 verbose npm  v10.9.8
18 verbose exit 0
19 info ok
